<?xml version="1.0" encoding="UTF-8"?>
<!-- Generated by org.testng.reporters.JUnitReportReporter -->
<testsuite hostname="Giteshp-lap007" failures="0" tests="1" name="Practice_Again.TestNg_Practice" time="11.914" errors="0" timestamp="2022-07-28T17:26:51 IST" skipped="0">
  <testcase classname="Practice_Again.TestNg_Practice" name="login" time="11.914"/>
  <system-out/>
</testsuite> <!-- Practice_Again.TestNg_Practice -->
