<?xml version="1.0" encoding="UTF-8"?>
<!-- Generated by org.testng.reporters.JUnitReportReporter -->
<testsuite hostname="Giteshp-lap007" failures="0" tests="4" name="TestNG.XML_Data_ParalellTest" time="0.260" errors="0" timestamp="2022-07-31T21:44:11 IST" skipped="0">
  <testcase classname="TestNG.XML_Data_ParalellTest" name="imageValidation" time="0.139"/>
  <system-out/>
  <testcase classname="TestNG.XML_Data_ParalellTest" name="Testlogin" time="0.046"/>
  <system-out/>
  <testcase classname="TestNG.XML_Data_ParalellTest" name="Testlogin" time="0.012"/>
  <system-out/>
  <testcase classname="TestNG.XML_Data_ParalellTest" name="imageValidation" time="0.063"/>
  <system-out/>
</testsuite> <!-- TestNG.XML_Data_ParalellTest -->
